2014/07/28 11:32:44 [error] [php] include(E:\OpenServer\domains\localhost\yiiguru\protected\extensions\captchaExtended\CaptchaExtendedValidator.php): failed to open stream: No such file or directory (E:\OpenServer\domains\localhost\framework\YiiBase.php:401)
Stack trace:
#0 E:\OpenServer\domains\localhost\framework\validators\CValidator.php(186): import()
#1 E:\OpenServer\domains\localhost\framework\base\CModel.php(287): createValidator()
#2 E:\OpenServer\domains\localhost\framework\base\CModel.php(260): ContactForm->createValidators()
#3 E:\OpenServer\domains\localhost\framework\base\CModel.php(547): ContactForm->getValidators()
#4 E:\OpenServer\domains\localhost\framework\web\widgets\CActiveForm.php(564): ContactForm->getSafeAttributeNames()
#5 E:\OpenServer\domains\localhost\yiiguru\protected\views\site\contact.php(38): CActiveForm->errorSummary()
#6 E:\OpenServer\domains\localhost\framework\web\CBaseController.php(126): require()
#7 E:\OpenServer\domains\localhost\framework\web\CBaseController.php(95): SiteController->renderInternal()
#8 E:\OpenServer\domains\localhost\framework\web\CController.php(869): SiteController->renderFile()
#9 E:\OpenServer\domains\localhost\framework\web\CController.php(782): SiteController->renderPartial()
#10 E:\OpenServer\domains\localhost\yiiguru\protected\controllers\SiteController.php(77): SiteController->render()
#11 E:\OpenServer\domains\localhost\framework\web\actions\CInlineAction.php(49): SiteController->actionContact()
#12 E:\OpenServer\domains\localhost\framework\web\CController.php(308): CInlineAction->runWithParams()
#13 E:\OpenServer\domains\localhost\framework\web\CController.php(286): SiteController->runAction()
#14 E:\OpenServer\domains\localhost\framework\web\CController.php(265): SiteController->runActionWithFilters()
#15 E:\OpenServer\domains\localhost\framework\web\CWebApplication.php(282): SiteController->run()
#16 E:\OpenServer\domains\localhost\framework\web\CWebApplication.php(141): CWebApplication->runController()
#17 E:\OpenServer\domains\localhost\framework\base\CApplication.php(180): CWebApplication->processRequest()
#18 E:\OpenServer\domains\localhost\yiiguru\index.php(16): CWebApplication->run()
REQUEST_URI=/yiiguru/index.php?r=site/contact
in E:\OpenServer\domains\localhost\yiiguru\protected\views\site\contact.php (38)
in E:\OpenServer\domains\localhost\yiiguru\protected\controllers\SiteController.php (77)
in E:\OpenServer\domains\localhost\yiiguru\index.php (16)
2014/07/31 08:58:51 [error] [php] include(User1.php): failed to open stream: No such file or directory (G:\Environment\wamp\www\framework\YiiBase.php:427)
Stack trace:
#0 G:\Environment\wamp\www\yiiguru\protected\controllers\UserController.php(37): spl_autoload_call()
#1 G:\Environment\wamp\www\framework\web\actions\CInlineAction.php(49): UserController->actionListUser()
#2 G:\Environment\wamp\www\framework\web\CController.php(308): CInlineAction->runWithParams()
#3 G:\Environment\wamp\www\framework\web\CController.php(286): UserController->runAction()
#4 G:\Environment\wamp\www\framework\web\CController.php(265): UserController->runActionWithFilters()
#5 G:\Environment\wamp\www\framework\web\CWebApplication.php(282): UserController->run()
#6 G:\Environment\wamp\www\framework\web\CWebApplication.php(141): CWebApplication->runController()
#7 G:\Environment\wamp\www\framework\base\CApplication.php(180): CWebApplication->processRequest()
#8 G:\Environment\wamp\www\yiiguru\index.php(16): CWebApplication->run()
REQUEST_URI=/yiiguru/
in G:\Environment\wamp\www\yiiguru\protected\controllers\UserController.php (37)
in G:\Environment\wamp\www\yiiguru\index.php (16)
